c:\users\jm\desktop\tp2\build\debug\vc142.pdb
c:\users\jm\desktop\tp2\build\debug\vc142.idb
c:\users\jm\desktop\tp2\build\debug\raytracer.sbr
c:\users\jm\desktop\tp2\build\debug\parser.sbr
c:\users\jm\desktop\tp2\build\debug\object.sbr
c:\users\jm\desktop\tp2\build\debug\main.sbr
c:\users\jm\desktop\tp2\build\debug\main.obj
c:\users\jm\desktop\tp2\build\debug\object.obj
c:\users\jm\desktop\tp2\build\debug\parser.obj
c:\users\jm\desktop\tp2\build\debug\raytracer.obj
c:\users\jm\desktop\tp2\tp2.exe
c:\users\jm\desktop\tp2\tp2.ilk
c:\users\jm\desktop\tp2\tp2.pdb
c:\users\jm\desktop\tp2\tp2.bsc
c:\users\jm\desktop\tp2\build\debug\tp2.tlog\bscmake.command.1.tlog
c:\users\jm\desktop\tp2\build\debug\tp2.tlog\bscmake.read.1.tlog
c:\users\jm\desktop\tp2\build\debug\tp2.tlog\cl.command.1.tlog
c:\users\jm\desktop\tp2\build\debug\tp2.tlog\cl.read.1.tlog
c:\users\jm\desktop\tp2\build\debug\tp2.tlog\cl.write.1.tlog
c:\users\jm\desktop\tp2\build\debug\tp2.tlog\link.command.1.tlog
c:\users\jm\desktop\tp2\build\debug\tp2.tlog\link.read.1.tlog
c:\users\jm\desktop\tp2\build\debug\tp2.tlog\link.write.1.tlog
